<?xml version="1.0" encoding="UTF-8"?>
<testsuite xmlns:xsi="http://www.w3.org/2001/XMLSchema-instance" xsi:noNamespaceSchemaLocation="https://maven.apache.org/surefire/maven-surefire-plugin/xsd/surefire-test-report-3.0.xsd" version="3.0" name="com.facultad.tp.EstadosTest" time="0.059" tests="8" errors="0" skipped="0" failures="0">
  <properties>
[...]
</properties>
  <testcase name="testEstadoEscudoSeRompeYFiltraDanioSobrante" classname="com.facultad.tp.EstadosTest" time="0.006">
    <system-out><![CDATA[   ¡El escudo de Sujeto de Prueba se ha roto!
]]></system-out>
  </testcase>
  <testcase name="testEstadoAturdidoBloqueaAtaqueYSeConsumeConElTiempo" classname="com.facultad.tp.EstadosTest" time="0.008">
    <system-out><![CDATA[  + Sujeto de Prueba esta aturdido. Turnos restantes: 1
  + Sujeto de Prueba se ha recuperado del aturdimiento.
]]></system-out>
  </testcase>
  <testcase name="testEstadoRegeneracionCuraVidaPorTurno" classname="com.facultad.tp.EstadosTest" time="0.006">
    <system-out><![CDATA[  -> Sujeto de Prueba recibe 50 puntos de daño.
  + Sujeto de Prueba se ha curado 15 puntos de vida (PV: 65/100)
  + Sujeto de Prueba regenera 15 puntos de vida.
  + Sujeto de Prueba se ha curado 15 puntos de vida (PV: 80/100)
  + Sujeto de Prueba regenera 15 puntos de vida.
]]></system-out>
  </testcase>
  <testcase name="testEstadoEvasionAnulaPrimerAtaqueYVuelveANormal" classname="com.facultad.tp.EstadosTest" time="0.003">
    <system-out><![CDATA[  + Sujeto de Prueba evade el ataque por completo gracias a su invisibilidad.
  -> Sujeto de Prueba recibe 20 puntos de daño.
]]></system-out>
  </testcase>
  <testcase name="testEstadoEscudoAbsorbeDanioParcialYSeMantiene" classname="com.facultad.tp.EstadosTest" time="0.002">
    <system-out><![CDATA[   El escudo de Sujeto de Prueba absorbió el ataque. Escudo restante: 10
]]></system-out>
  </testcase>
  <testcase name="testEstadoSangradoAplicaDanioPorTurno" classname="com.facultad.tp.EstadosTest" time="0.003">
    <system-out><![CDATA[  + Sujeto de Prueba sufre 10 puntos de danio por sangrado.
  + Sujeto de Prueba sufre 10 puntos de danio por sangrado.
  + El efecto del sangrado en Sujeto de Prueba se ha disipado.
]]></system-out>
  </testcase>
  <testcase name="testEstadoFuriaPotenciaElProximoDanioYSeConsume" classname="com.facultad.tp.EstadosTest" time="0.003">
    <system-out><![CDATA[  -> ¡Sujeto de Prueba explota de bronca y da un golpe tremendo!
]]></system-out>
  </testcase>
  <testcase name="testEstadoNormalPuedeAtacarYRecibeDanio" classname="com.facultad.tp.EstadosTest" time="0.006">
    <system-out><![CDATA[  -> Sujeto de Prueba recibe 20 puntos de daño.
]]></system-out>
  </testcase>
</testsuite>