<?xml version="1.0" encoding="UTF-8"?>
<testsuite xmlns:xsi="http://www.w3.org/2001/XMLSchema-instance" xsi:noNamespaceSchemaLocation="https://maven.apache.org/surefire/maven-surefire-plugin/xsd/surefire-test-report-3.0.xsd" version="3.0" name="com.facultad.tp.HechizoTest" time="0.044" tests="12" errors="0" skipped="0" failures="0">
  <properties>
[...]
</properties>
  <testcase name="testExpelliarmusCausaDanio" classname="com.facultad.tp.HechizoTest" time="0.005">
    <system-out><![CDATA[Harry lanza Expelliarmus a Mortifago causando 18 de danio.
]]></system-out>
  </testcase>
  <testcase name="testFabricaHechizos" classname="com.facultad.tp.HechizoTest" time="0.002"/>
  <testcase name="testAvadaKedavraAltoDanio" classname="com.facultad.tp.HechizoTest" time="0.001">
    <system-out><![CDATA[Mortifago lanza Avada Kedavra a Harry causando 146 de danio.
]]></system-out>
  </testcase>
  <testcase name="testExpelliarmusEsAtaque" classname="com.facultad.tp.HechizoTest" time="0.004"/>
  <testcase name="testProtegoEsDefensa" classname="com.facultad.tp.HechizoTest" time="0.001"/>
  <testcase name="testExpectoPatronumEsCuracion" classname="com.facultad.tp.HechizoTest" time="0.001"/>
  <testcase name="testExpectoPatronumCura" classname="com.facultad.tp.HechizoTest" time="0.004">
    <system-out><![CDATA[Harry se ha curado 52 puntos de vida (PV: 122/150)
Harry lanza Expecto Patronum y cura a Harry por 52 puntos de vida.
]]></system-out>
  </testcase>
  <testcase name="testAvadaKedavraEsAtaque" classname="com.facultad.tp.HechizoTest" time="0.001"/>
  <testcase name="testProtegoReduceDanio" classname="com.facultad.tp.HechizoTest" time="0.001">
    <system-out><![CDATA[Harry esta protegido por Protego, el danio se reduce a 20
Mortifago lanza Expelliarmus a Harry causando 40 de danio.
]]></system-out>
  </testcase>
  <testcase name="testAvadaKedavraMortifagoMasLetal" classname="com.facultad.tp.HechizoTest" time="0.001">
    <system-out><![CDATA[Mortifago lanza Expelliarmus a Harry causando 50 de danio.
Otro Harry lanza Expelliarmus a Harry causando 22 de danio.
]]></system-out>
  </testcase>
  <testcase name="testProtegoActivaProteccion" classname="com.facultad.tp.HechizoTest" time="0.002">
    <system-out><![CDATA[Harry lanza Protego y se protege.
]]></system-out>
  </testcase>
  <testcase name="testEqualsHechizos" classname="com.facultad.tp.HechizoTest" time="0.003"/>
</testsuite>