<?xml version="1.0" encoding="UTF-8"?>
<testsuite xmlns:xsi="http://www.w3.org/2001/XMLSchema-instance" xsi:noNamespaceSchemaLocation="https://maven.apache.org/surefire/maven-surefire-plugin/xsd/surefire-test-report-3.0.xsd" version="3.0" name="com.facultad.tp.ObjetoTest" time="0.06" tests="19" errors="0" skipped="0" failures="0">
  <properties>
[...]
</properties>
  <testcase name="testDanioSinObjetosEsNormal" classname="com.facultad.tp.ObjetoTest" time="0.002"/>
  <testcase name="testAgregarObjetoAlInventario" classname="com.facultad.tp.ObjetoTest" time="0.003"/>
  <testcase name="testCapaSeRearmaAlDesequipar" classname="com.facultad.tp.ObjetoTest" time="0.001">
    <system-out><![CDATA[  ~ Test se vuelve invisible con la Capa de Invisibilidad
  + Test evade el ataque por completo gracias a su invisibilidad.
  ~ Test se vuelve invisible con la Capa de Invisibilidad
]]></system-out>
  </testcase>
  <testcase name="testCapaOtorgaEvasionAlEquipar" classname="com.facultad.tp.ObjetoTest" time="0.001">
    <system-out><![CDATA[  ~ Test se vuelve invisible con la Capa de Invisibilidad
]]></system-out>
  </testcase>
  <testcase name="testAmuletoRecuperaManaEnInicioDeTurno" classname="com.facultad.tp.ObjetoTest" time="0.004">
    <system-out><![CDATA[  ~ Test recupera 10 de maná por el Amuleto de Maná
]]></system-out>
  </testcase>
  <testcase name="testEquiparObjetoDelInventario" classname="com.facultad.tp.ObjetoTest" time="0.005"/>
  <testcase name="testVaritaNombreYDescripcion" classname="com.facultad.tp.ObjetoTest" time="0.001"/>
  <testcase name="testEquiparMultipleHastaLimite" classname="com.facultad.tp.ObjetoTest" time="0.001">
    <system-out><![CDATA[  ~ Test se vuelve invisible con la Capa de Invisibilidad
  ~ Test se equipa el Amuleto de Maná
]]></system-out>
  </testcase>
  <testcase name="testFabricaObjetosCreaTodosLosTipos" classname="com.facultad.tp.ObjetoTest" time="0.002"/>
  <testcase name="testDanioAumentaConVaritaEquipada" classname="com.facultad.tp.ObjetoTest" time="0.001"/>
  <testcase name="testManaRecuperaConAmuletoEnInicioDeTurno" classname="com.facultad.tp.ObjetoTest" time="0.001">
    <system-out><![CDATA[  ~ Test se equipa el Amuleto de Maná
  ~ Test recupera 10 de maná por el Amuleto de Maná
]]></system-out>
  </testcase>
  <testcase name="testDanioNoSeModificaConCapa" classname="com.facultad.tp.ObjetoTest" time="0.001">
    <system-out><![CDATA[  ~ Test se vuelve invisible con la Capa de Invisibilidad
]]></system-out>
  </testcase>
  <testcase name="testNoSePuedeEquiparObjetoNoEnInventario" classname="com.facultad.tp.ObjetoTest" time="0.0"/>
  <testcase name="testVaritaPotenciaHechizoAtaque" classname="com.facultad.tp.ObjetoTest" time="0.001"/>
  <testcase name="testAmuletoAlEquiparNoAlteraMana" classname="com.facultad.tp.ObjetoTest" time="0.001">
    <system-out><![CDATA[  ~ Test se equipa el Amuleto de Maná
]]></system-out>
  </testcase>
  <testcase name="testVaritaNoPotenciaDefensa" classname="com.facultad.tp.ObjetoTest" time="0.0"/>
  <testcase name="testVaritaNoPotenciaCuracion" classname="com.facultad.tp.ObjetoTest" time="0.0"/>
  <testcase name="testDesequiparVuelveAlInventario" classname="com.facultad.tp.ObjetoTest" time="0.005"/>
  <testcase name="testAmuletoNoSobrepasaManaMaximo" classname="com.facultad.tp.ObjetoTest" time="0.001"/>
</testsuite>