<?xml version="1.0" encoding="UTF-8"?>
<testsuite xmlns:xsi="http://www.w3.org/2001/XMLSchema-instance" xsi:noNamespaceSchemaLocation="https://maven.apache.org/surefire/maven-surefire-plugin/xsd/surefire-test-report-3.0.xsd" version="3.0" name="com.facultad.tp.BatallonTest" time="0.13" tests="11" errors="0" skipped="0" failures="0">
  <properties>
[...]
</properties>
  <testcase name="testBatallonMultipleAtaques" classname="com.facultad.tp.BatallonTest" time="0.045">
    <system-out><![CDATA[Auror 0 lanza Protego y se protege.
Auror 1 lanza Protego y se protege.
Auror 2 lanza Protego y se protege.
]]></system-out>
  </testcase>
  <testcase name="testTienePersonajesSaludablesConVivos" classname="com.facultad.tp.BatallonTest" time="0.003"/>
  <testcase name="testBatallaCompletaGanaUnBando" classname="com.facultad.tp.BatallonTest" time="0.01">
    <system-out><![CDATA[Dumbledore lanza Protego y se protege.
Dumbledore esta protegido por Protego, el danio se reduce a 14
Seguidor debil lanza Expelliarmus a Dumbledore causando 28 de danio.
Dumbledore lanza Protego y se protege.
Dumbledore esta protegido por Protego, el danio se reduce a 14
Seguidor debil lanza Expelliarmus a Dumbledore causando 28 de danio.
Dumbledore lanza Protego y se protege.
Dumbledore esta protegido por Protego, el danio se reduce a 50
Seguidor debil lanza Avada Kedavra a Dumbledore causando 101 de danio.
Dumbledore lanza Expelliarmus a Seguidor debil causando 24 de danio.
Seguidor debil lanza Expelliarmus a Dumbledore causando 28 de danio.
Dumbledore lanza Protego y se protege.
Dumbledore esta protegido por Protego, el danio se reduce a 14
Seguidor debil lanza Expelliarmus a Dumbledore causando 28 de danio.
Seguidor debil ha sido eliminado del combate.
Dumbledore lanza Expelliarmus a Seguidor debil causando 24 de danio.
]]></system-out>
  </testcase>
  <testcase name="testReclutadorCreaMagos" classname="com.facultad.tp.BatallonTest" time="0.005"/>
  <testcase name="testBatallonAtacarReduceVida" classname="com.facultad.tp.BatallonTest" time="0.001">
    <system-out><![CDATA[Harry lanza Protego y se protege.
]]></system-out>
  </testcase>
  <testcase name="testGetPersonajesVivos" classname="com.facultad.tp.BatallonTest" time="0.004">
    <system-out><![CDATA[Ron ha sido eliminado del combate.
]]></system-out>
  </testcase>
  <testcase name="testMapHechizosPorPersonaje" classname="com.facultad.tp.BatallonTest" time="0.002"/>
  <testcase name="testAgregarPersonaje" classname="com.facultad.tp.BatallonTest" time="0.001"/>
  <testcase name="testReclutadorCreaMortifagos" classname="com.facultad.tp.BatallonTest" time="0.003"/>
  <testcase name="testPersonajeEliminadoAlMorir" classname="com.facultad.tp.BatallonTest" time="0.002">
    <system-out><![CDATA[Harry ha sido eliminado del combate.
Voldemort lanza Avada Kedavra a Harry causando 196 de danio.
]]></system-out>
  </testcase>
  <testcase name="testBatallonVacioNoTienePersonajesSaludables" classname="com.facultad.tp.BatallonTest" time="0.001"/>
</testsuite>