<?xml version="1.0" encoding="UTF-8"?>
<testsuite xmlns:xsi="http://www.w3.org/2001/XMLSchema-instance" xsi:noNamespaceSchemaLocation="https://maven.apache.org/surefire/maven-surefire-plugin/xsd/surefire-test-report-3.0.xsd" version="3.0" name="com.facultad.tp.BatallonTest" time="0.162" tests="11" errors="0" skipped="0" failures="0">
  <properties>
[...]
</properties>
  <testcase name="testBatallonMultipleAtaques" classname="com.facultad.tp.BatallonTest" time="0.059">
    <system-out><![CDATA[ * Auror 0 lanza protego y genera un escudo de 49 puntos.
 * Auror 1 lanza Cave Inimicum. Auror 1 se vuelve invisible y evitara el proximo ataque.
 * Auror 2 lanza Expelliarmus.
  -> Seguidor 2 recibe 42 puntos de daño.
]]></system-out>
  </testcase>
  <testcase name="testTienePersonajesSaludablesConVivos" classname="com.facultad.tp.BatallonTest" time="0.003"/>
  <testcase name="testBatallaCompletaGanaUnBando" classname="com.facultad.tp.BatallonTest" time="0.006">
    <system-out><![CDATA[ * Dumbledore lanza Expelliarmus.
  -> Seguidor debil recibe 49 puntos de daño.
  ! Seguidor debil ha sido eliminado del combate.
]]></system-out>
  </testcase>
  <testcase name="testReclutadorCreaMagos" classname="com.facultad.tp.BatallonTest" time="0.015">
    <system-out><![CDATA[  ~ Estudiante 1 se vuelve invisible con la Capa de Invisibilidad
]]></system-out>
  </testcase>
  <testcase name="testBatallonAtacarReduceVida" classname="com.facultad.tp.BatallonTest" time="0.004">
    <system-out><![CDATA[Turno 1
 * Harry lanza Cave Inimicum. Harry se vuelve invisible y evitara el proximo ataque.
Turno 2
 * Harry lanza protego y genera un escudo de 53 puntos.
Turno 3
 * Harry lanza Cave Inimicum. Harry se vuelve invisible y evitara el proximo ataque.
Turno 4
 * Harry lanza Cave Inimicum. Harry se vuelve invisible y evitara el proximo ataque.
Turno 5
 * Harry lanza Expelliarmus.
  -> Mortifago recibe 47 puntos de daño.
Turno 6
 * Harry lanza Cave Inimicum. Harry se vuelve invisible y evitara el proximo ataque.
Turno 7
 * Harry lanza Expelliarmus.
  -> Mortifago recibe 47 puntos de daño.
Turno 8
 * Harry lanza protego y genera un escudo de 62 puntos.
Turno 9
 * Harry lanza protego y genera un escudo de 67 puntos.
Turno 10
 * Harry lanza Expelliarmus.
  -> Mortifago recibe 47 puntos de daño.
]]></system-out>
  </testcase>
  <testcase name="testGetPersonajesVivos" classname="com.facultad.tp.BatallonTest" time="0.004">
    <system-out><![CDATA[  -> Ron recibe 10 puntos de daño.
  ! Ron ha sido eliminado del combate.
]]></system-out>
  </testcase>
  <testcase name="testMapHechizosPorPersonaje" classname="com.facultad.tp.BatallonTest" time="0.002"/>
  <testcase name="testAgregarPersonaje" classname="com.facultad.tp.BatallonTest" time="0.002"/>
  <testcase name="testReclutadorCreaMortifagos" classname="com.facultad.tp.BatallonTest" time="0.007">
    <system-out><![CDATA[  ~ Seguidor 1 se equipa el Amuleto de Maná
]]></system-out>
  </testcase>
  <testcase name="testPersonajeEliminadoAlMorir" classname="com.facultad.tp.BatallonTest" time="0.01">
    <system-out><![CDATA[ * Voldemort lanza Avada Kedavra a Harry causando 87 de danio.
  -> Harry recibe 87 puntos de daño.
  ! Harry ha sido eliminado del combate.
]]></system-out>
  </testcase>
  <testcase name="testBatallonVacioNoTienePersonajesSaludables" classname="com.facultad.tp.BatallonTest" time="0.002"/>
</testsuite>