<?xml version="1.0" encoding="UTF-8"?>
<testsuite xmlns:xsi="http://www.w3.org/2001/XMLSchema-instance" xsi:noNamespaceSchemaLocation="https://maven.apache.org/surefire/maven-surefire-plugin/xsd/surefire-test-report-3.0.xsd" version="3.0" name="com.facultad.tp.HechizoTest" time="0.067" tests="12" errors="1" skipped="0" failures="0">
  <properties>
[...]
</properties>
  <testcase name="testExpelliarmusCausaDanio" classname="com.facultad.tp.HechizoTest" time="0.004">
    <system-out><![CDATA[ * Harry lanza Expelliarmus.
  -> Mortifago recibe 37 puntos de daño.
]]></system-out>
  </testcase>
  <testcase name="testFabricaHechizos" classname="com.facultad.tp.HechizoTest" time="0.022">
    <error message="Hechizo desconocido: expectopatronum" type="java.lang.IllegalArgumentException"><![CDATA[java.lang.IllegalArgumentException: Hechizo desconocido: expectopatronum
	at com.facultad.tp.FabricaHechizos.crearHechizo(FabricaHechizos.java:20)
	at com.facultad.tp.HechizoTest.testFabricaHechizos(HechizoTest.java:139)
	at java.base/java.lang.reflect.Method.invoke(Method.java:565)
	at java.base/java.util.ArrayList.forEach(ArrayList.java:1604)
	at java.base/java.util.ArrayList.forEach(ArrayList.java:1604)
]]></error>
  </testcase>
  <testcase name="testAvadaKedavraAltoDanio" classname="com.facultad.tp.HechizoTest" time="0.001">
    <system-out><![CDATA[ * Mortifago lanza Avada Kedavra a Harry causando 65 de danio.
  -> Harry recibe 65 puntos de daño.
]]></system-out>
  </testcase>
  <testcase name="testExpelliarmusEsAtaque" classname="com.facultad.tp.HechizoTest" time="0.001"/>
  <testcase name="testProtegoEsDefensa" classname="com.facultad.tp.HechizoTest" time="0.002"/>
  <testcase name="testExpectoPatronumEsCuracion" classname="com.facultad.tp.HechizoTest" time="0.006"/>
  <testcase name="testExpectoPatronumCura" classname="com.facultad.tp.HechizoTest" time="0.001">
    <system-out><![CDATA[  -> Harry recibe 80 puntos de daño.
 * Harry lanza Expecto Patronum
  + Harry se ha curado 52 puntos de vida (PV: 122/150)
]]></system-out>
  </testcase>
  <testcase name="testAvadaKedavraEsAtaque" classname="com.facultad.tp.HechizoTest" time="0.001"/>
  <testcase name="testProtegoReduceDanio" classname="com.facultad.tp.HechizoTest" time="0.001">
    <system-out><![CDATA[ * Harry lanza protego y genera un escudo de 53 puntos.
 * Mortifago lanza Expelliarmus.
  -> Harry recibe 40 puntos de daño.
]]></system-out>
  </testcase>
  <testcase name="testAvadaKedavraMortifagoMasLetal" classname="com.facultad.tp.HechizoTest" time="0.001">
    <system-out><![CDATA[ * Mortifago lanza Expelliarmus.
  -> Harry recibe 50 puntos de daño.
 * Otro Harry lanza Expelliarmus.
  -> Harry recibe 45 puntos de daño.
]]></system-out>
  </testcase>
  <testcase name="testProtegoActivaProteccion" classname="com.facultad.tp.HechizoTest" time="0.003">
    <system-out><![CDATA[ * Harry lanza protego y genera un escudo de 52 puntos.
]]></system-out>
  </testcase>
  <testcase name="testEqualsHechizos" classname="com.facultad.tp.HechizoTest" time="0.002"/>
</testsuite>